<?xml version="1.0" encoding="UTF-8"?>
<!-- Generated by org.testng.reporters.JUnitXMLReporter -->
<testsuite hostname="AMOSTAFA" ignored="0" name="Command line test" tests="6" failures="0" timestamp="2022-08-20T06:14:36 EET" time="340.804" errors="0">
  <testcase name="runScenario" time="46.026" classname="io.cucumber.testng.AbstractTestNGCucumberTests"/>
  <testcase name="runScenario" time="44.081" classname="io.cucumber.testng.AbstractTestNGCucumberTests"/>
  <testcase name="runScenario" time="43.827" classname="io.cucumber.testng.AbstractTestNGCucumberTests"/>
  <testcase name="runScenario" time="60.467" classname="io.cucumber.testng.AbstractTestNGCucumberTests"/>
  <testcase name="runScenario" time="102.867" classname="io.cucumber.testng.AbstractTestNGCucumberTests"/>
  <testcase name="runScenario" time="42.72" classname="io.cucumber.testng.AbstractTestNGCucumberTests"/>
</testsuite> <!-- Command line test -->
